<?xml version="1.0" encoding="UTF-8"?>
<!-- Generated by org.testng.reporters.JUnitReportReporter -->
<testsuite hostname="LAPTOP-94EAU6CE" failures="0" tests="2" name="testcase.tc_loginpage" time="33.371" errors="0" timestamp="20 Jul 2019 04:09:49 GMT" skipped="0">
  <testcase classname="testcase.tc_loginpage" name="loginpage" time="13.666"/>
  <testcase classname="testcase.tc_loginpage" name="loginpage" time="19.705"/>
</testsuite> <!-- testcase.tc_loginpage -->
